<?xml version="1.0" encoding="UTF-8"?>
<!-- Generated by org.testng.reporters.JUnitReportReporter -->
<testsuite skipped="0" hostname="ltuser-Lenovo-G50-70" name="com.codeNew.Maven_selenium.NewTest" tests="2" failures="0" timestamp="01 May 2018 11:20:28 GMT" time="26.276" errors="0">
  <testcase name="Test_new2" time="12.584" classname="com.codeNew.Maven_selenium.NewTest"/>
  <testcase name="Test_new" time="13.692" classname="com.codeNew.Maven_selenium.NewTest"/>
</testsuite> <!-- com.codeNew.Maven_selenium.NewTest -->
